Arguments: 
  C:\Program Files\nodejs\node.exe C:\Users\victor\AppData\Roaming\npm\node_modules\yarn\bin\yarn.js add -D typescript nodemon ts-node @type/express @type/node

PATH: 
  C:\Program Files\Common Files\Oracle\Java\javapath;C:\Windows\system32;C:\Windows;C:\Windows\System32\Wbem;C:\Windows\System32\WindowsPowerShell\v1.0\;C:\Windows\System32\OpenSSH\;C:\Program Files (x86)\NVIDIA Corporation\PhysX\Common;C:\Program Files\Git\cmd;C:\Program Files\Java\jdk-19\bin;C:\src\flutter\bin;C:\Program Files\dotnet\;C:\Program Files\Java\jdk-19\bin;C:\ProgramData\chocolatey\bin;C:\Users\victor\Downloads;;C:\Program Files\NVIDIA Corporation\NVIDIA NvDLISR;C:\Program Files\nodejs\;C:\Program Files\Go\bin;C:\Users\victor\AppData\Local\Programs\Python\Launcher\;C:\Users\victor\AppData\Local\Microsoft\WindowsApps;C:\Users\victor\AppData\Local\Programs\Microsoft VS Code\bin;C:\src\flutter\bin;C:\Users\victor\.dotnet\tools;C:\Program Files\Java\jdk-19;C:\Users\victor\Downloads;C:\Users\victor\AppData\Roaming\npm;C:\Users\victor\go\bin

Yarn version: 
  1.22.19

Node version: 
  18.15.0

Platform: 
  win32 x64

Trace: 
  Error: https://registry.yarnpkg.com/@type%2fexpress: Not found
      at params.callback [as _callback] (C:\Users\victor\AppData\Roaming\npm\node_modules\yarn\lib\cli.js:66145:18)
      at self.callback (C:\Users\victor\AppData\Roaming\npm\node_modules\yarn\lib\cli.js:140890:22)
      at Request.emit (node:events:513:28)
      at Request.<anonymous> (C:\Users\victor\AppData\Roaming\npm\node_modules\yarn\lib\cli.js:141862:10)
      at Request.emit (node:events:513:28)
      at IncomingMessage.<anonymous> (C:\Users\victor\AppData\Roaming\npm\node_modules\yarn\lib\cli.js:141784:12)
      at Object.onceWrapper (node:events:627:28)
      at IncomingMessage.emit (node:events:525:35)
      at endReadableNT (node:internal/streams/readable:1359:12)
      at process.processTicksAndRejections (node:internal/process/task_queues:82:21)

npm manifest: 
  {
    "name": "Sistema-login",
    "version": "1.0.0",
    "main": "index.js",
    "license": "MIT"
  }

yarn manifest: 
  No manifest

Lockfile: 
  No lockfile
